<?xml version="1.0" encoding="UTF-8"?>
<!-- Generated by org.testng.reporters.JUnitReportReporter -->
<testsuite hostname="Sayantans-MacBook-Air.local" failures="0" tests="1" name="com.selenium_automation.RunnerTest" time="4.893" errors="0" timestamp="2025-04-22T16:10:16 IST" skipped="0">
  <testcase classname="com.selenium_automation.RunnerTest" name="runScenario" time="4.893"/>
</testsuite> <!-- com.selenium_automation.RunnerTest -->
