<?xml version="1.0" encoding="UTF-8"?>
<!-- Generated by org.testng.reporters.JUnitReportReporter -->
<testsuite hostname="Sayantans-MacBook-Air.local" failures="0" tests="1" name="com.selenium_automation.RunnerTest" time="16.817" errors="0" timestamp="2025-05-08T04:17:13 IST" skipped="0">
  <testcase classname="com.selenium_automation.RunnerTest" name="runScenario" time="16.817"/>
</testsuite> <!-- com.selenium_automation.RunnerTest -->
