<?xml version="1.0" encoding="UTF-8"?>
<!-- Generated by org.testng.reporters.JUnitReportReporter -->
<testsuite hostname="Sayantans-MacBook-Air.local" failures="0" tests="1" name="TestRunner" time="17.773" errors="0" timestamp="2025-05-10T01:05:00 IST" skipped="0">
  <testcase classname="TestRunner" name="runScenario" time="17.773"/>
</testsuite> <!-- TestRunner -->
