<?xml version="1.0" encoding="UTF-8"?>
<!-- Generated by org.testng.reporters.JUnitReportReporter -->
<testsuite hostname="Sayantans-MacBook-Air.local" failures="0" tests="1" name="com.selenium_automation.RunnerTest" time="1.100" errors="0" timestamp="2025-05-05T02:57:01 IST" skipped="0">
  <testcase classname="com.selenium_automation.RunnerTest" name="runScenario" time="1.100"/>
</testsuite> <!-- com.selenium_automation.RunnerTest -->
