<?xml version="1.0" encoding="UTF-8"?>
<!-- Generated by org.testng.reporters.JUnitReportReporter -->
<testsuite hostname="Sayantans-MacBook-Air.local" failures="0" tests="1" name="com.selenium_automation.RunnerTest" time="6.117" errors="0" timestamp="2025-04-22T04:10:20 IST" skipped="0">
  <testcase classname="com.selenium_automation.RunnerTest" name="runScenario" time="6.117"/>
</testsuite> <!-- com.selenium_automation.RunnerTest -->
