<?xml version="1.0" encoding="UTF-8"?>
<!-- Generated by org.testng.reporters.JUnitReportReporter -->
<testsuite hostname="Sayantans-MacBook-Air.local" failures="0" tests="1" name="runner.TestRunner" time="16.859" errors="0" timestamp="2025-05-09T18:51:58 IST" skipped="0">
  <testcase classname="runner.TestRunner" name="runScenario" time="16.859"/>
</testsuite> <!-- runner.TestRunner -->
