<?xml version="1.0" encoding="UTF-8"?>
<!-- Generated by org.testng.reporters.JUnitReportReporter -->
<testsuite hostname="Sayantans-MacBook-Air.local" failures="0" tests="1" name="TestRunner" time="16.853" errors="0" timestamp="2025-05-09T19:07:39 IST" skipped="0">
  <testcase classname="TestRunner" name="runScenario" time="16.853"/>
</testsuite> <!-- TestRunner -->
